<?xml version="1.0" encoding="UTF-8"?>
<!-- Generated by org.testng.reporters.JUnitXMLReporter -->
<testsuite hostname="DESKTOP-NNT0OEF" ignored="0" name="EdgeTest(failed)(failed)" tests="4" failures="0" timestamp="06 Feb 2018 13:30:18 GMT" time="0.128" errors="0">
  <testcase name="@BeforeTest openBrowser" time="0.076" classname="TestNGdemos.CrossBrowserT">
    <failure type="java.lang.IllegalStateException" message="The driver executable does not exist: D:\Programs\TestNGprogs\.\driver\MircosoftWebDriver.exe">
      <![CDATA[java.lang.IllegalStateException: The driver executable does not exist: D:\Programs\TestNGprogs\.\driver\MircosoftWebDriver.exeat com.google.common.base.Preconditions.checkState(Preconditions.java:518)at org.openqa.selenium.remote.service.DriverService.checkExecutable(DriverService.java:136)at org.openqa.selenium.remote.service.DriverService.findExecutable(DriverService.java:131)at org.openqa.selenium.edge.EdgeDriverService.access$000(EdgeDriverService.java:33)at org.openqa.selenium.edge.EdgeDriverService$Builder.findDefaultExecutable(EdgeDriverService.java:63)at org.openqa.selenium.remote.service.DriverService$Builder.build(DriverService.java:330)at org.openqa.selenium.edge.EdgeDriverService.createDefaultService(EdgeDriverService.java:55)at org.openqa.selenium.edge.EdgeDriver.<init>(EdgeDriver.java:96)at TestNGdemos.CrossBrowserT.openBrowser(CrossBrowserT.java:30)... Removed 24 stack frames]]>
    </failure>
  </testcase> <!-- @BeforeTest openBrowser -->
  <testcase name="@AfterTest closeBrowser" time="0.0" classname="TestNGdemos.CrossBrowserT">
    <skipped/>
  </testcase> <!-- @AfterTest closeBrowser -->
  <testcase name="verifyText2" time="0.0" classname="TestNGdemos.CrossBrowserT">
    <skipped/>
  </testcase> <!-- verifyText2 -->
  <testcase name="verifyTitle" time="0.0" classname="TestNGdemos.CrossBrowserT">
    <skipped/>
  </testcase> <!-- verifyTitle -->
  <testcase name="verifyRadiobuton" time="0.0" classname="TestNGdemos.CrossBrowserT">
    <skipped/>
  </testcase> <!-- verifyRadiobuton -->
  <testcase name="verifyText1" time="0.0" classname="TestNGdemos.CrossBrowserT">
    <skipped/>
  </testcase> <!-- verifyText1 -->
</testsuite> <!-- EdgeTest(failed)(failed) -->
