<?xml version="1.0" encoding="UTF-8"?>
<!-- Generated by org.testng.reporters.JUnitXMLReporter -->
<testsuite hostname="DESKTOP-NNT0OEF" ignored="0" name="ChromeTest" tests="4" failures="0" timestamp="07 Feb 2018 10:28:20 GMT" time="11.101" errors="0">
  <testcase name="verifyRadiobuton" time="0.067" classname="TestNGdemos.CrossBrowserT"/>
  <testcase name="verifyText1" time="0.061" classname="TestNGdemos.CrossBrowserT"/>
  <testcase name="verifyText2" time="0.154" classname="TestNGdemos.CrossBrowserT"/>
  <testcase name="verifyTitle" time="0.033" classname="TestNGdemos.CrossBrowserT"/>
</testsuite> <!-- ChromeTest -->
