<?xml version="1.0" encoding="UTF-8"?>
<!-- Generated by org.testng.reporters.JUnitXMLReporter -->
<testsuite hostname="DESKTOP-NNT0OEF" ignored="0" name="EdgeTest" tests="4" failures="3" timestamp="07 Feb 2018 10:28:26 GMT" time="6.17" errors="0">
  <testcase name="verifyRadiobuton" time="0.055" classname="TestNGdemos.CrossBrowserT"/>
  <testcase name="verifyText1" time="0.023" classname="TestNGdemos.CrossBrowserT">
    <failure type="java.lang.AssertionError" message="expected [Facebook helps you connect and share with the people in your life.] but found [ಫೇಸ್ ಬುಕ್ ನಿಮ್ಮ ಜೀವನದಲ್ಲಿರುವ ಜನರನ್ನು ಸಂಪರ್ಕಿಸಲು ಮತ್ತು ಅವರೊಂದಿಗೆ ಹಂಚಿಕೊಳ್ಳಲು ಸಹಕರಿಸುತ್ತದೆ]">
      <![CDATA[java.lang.AssertionError: expected [Facebook helps you connect and share with the people in your life.] but found [ಫೇಸ್ ಬುಕ್ ನಿಮ್ಮ ಜೀವನದಲ್ಲಿರುವ ಜನರನ್ನು ಸಂಪರ್ಕಿಸಲು ಮತ್ತು ಅವರೊಂದಿಗೆ ಹಂಚಿಕೊಳ್ಳಲು ಸಹಕರಿಸುತ್ತದೆ]at TestNGdemos.CrossBrowserT.verifyText1(CrossBrowserT.java:57)... Removed 31 stack frames]]>
    </failure>
  </testcase> <!-- verifyText1 -->
  <testcase name="verifyText2" time="0.102" classname="TestNGdemos.CrossBrowserT">
    <failure type="java.lang.AssertionError" message="expected [true] but found [false]">
      <![CDATA[java.lang.AssertionError: expected [true] but found [false]at TestNGdemos.CrossBrowserT.verifyText2(CrossBrowserT.java:67)... Removed 29 stack frames]]>
    </failure>
  </testcase> <!-- verifyText2 -->
  <testcase name="verifyTitle" time="0.013" classname="TestNGdemos.CrossBrowserT">
    <failure type="java.lang.AssertionError" message="expected [Facebook – log in or sign up] but found [Facebook - ಲಾಗ್ ಇನ್ ಅಥವಾ ಸೈನ್ ಅಪ್]">
      <![CDATA[java.lang.AssertionError: expected [Facebook – log in or sign up] but found [Facebook - ಲಾಗ್ ಇನ್ ಅಥವಾ ಸೈನ್ ಅಪ್]at TestNGdemos.CrossBrowserT.verifyTitle(CrossBrowserT.java:49)... Removed 31 stack frames]]>
    </failure>
  </testcase> <!-- verifyTitle -->
</testsuite> <!-- EdgeTest -->
